<?xml version="1.0" encoding="UTF-8"?>
<testsuite xmlns:xsi="http://www.w3.org/2001/XMLSchema-instance" xsi:noNamespaceSchemaLocation="https://maven.apache.org/surefire/maven-surefire-plugin/xsd/surefire-test-report-3.0.xsd" version="3.0" name="pjm.vendingmachine.service.VendingMachineServiceLayerTest" time="0.022" tests="13" errors="13" skipped="0" failures="0">
  <properties>
    <property name="gopherProxySet" value="false"/>
    <property name="awt.toolkit" value="sun.lwawt.macosx.LWCToolkit"/>
    <property name="java.specification.version" value="11"/>
    <property name="sun.cpu.isalist" value=""/>
    <property name="sun.jnu.encoding" value="UTF-8"/>
    <property name="java.class.path" value="/Users/josephmarino/NetBeansProjects/VendingMachine/target/test-classes:/Users/josephmarino/NetBeansProjects/VendingMachine/target/classes:/Users/josephmarino/.m2/repository/org/junit/jupiter/junit-jupiter-api/5.3.1/junit-jupiter-api-5.3.1.jar:/Users/josephmarino/.m2/repository/org/apiguardian/apiguardian-api/1.0.0/apiguardian-api-1.0.0.jar:/Users/josephmarino/.m2/repository/org/opentest4j/opentest4j/1.1.1/opentest4j-1.1.1.jar:/Users/josephmarino/.m2/repository/org/junit/platform/junit-platform-commons/1.3.1/junit-platform-commons-1.3.1.jar:/Users/josephmarino/.m2/repository/org/junit/jupiter/junit-jupiter-params/5.3.1/junit-jupiter-params-5.3.1.jar:/Users/josephmarino/.m2/repository/org/junit/jupiter/junit-jupiter-engine/5.3.1/junit-jupiter-engine-5.3.1.jar:/Users/josephmarino/.m2/repository/org/junit/platform/junit-platform-engine/1.3.1/junit-platform-engine-1.3.1.jar:"/>
    <property name="java.vm.vendor" value="AdoptOpenJDK"/>
    <property name="sun.arch.data.model" value="64"/>
    <property name="java.vendor.url" value="https://adoptopenjdk.net/"/>
    <property name="user.timezone" value=""/>
    <property name="java.vm.specification.version" value="11"/>
    <property name="os.name" value="Mac OS X"/>
    <property name="user.country" value="US"/>
    <property name="sun.java.launcher" value="SUN_STANDARD"/>
    <property name="sun.boot.library.path" value="/Library/Java/JavaVirtualMachines/adoptopenjdk-11.jdk/Contents/Home/lib"/>
    <property name="sun.java.command" value="/Users/josephmarino/NetBeansProjects/VendingMachine/target/surefire/surefirebooter4704100719049152610.jar /Users/josephmarino/NetBeansProjects/VendingMachine/target/surefire 2020-02-18T15-01-48_771-jvmRun1 surefire9554534334982792372tmp surefire_015139989763584295675tmp"/>
    <property name="http.nonProxyHosts" value="local|*.local|169.254/16|*.169.254/16"/>
    <property name="jdk.debug" value="release"/>
    <property name="surefire.test.class.path" value="/Users/josephmarino/NetBeansProjects/VendingMachine/target/test-classes:/Users/josephmarino/NetBeansProjects/VendingMachine/target/classes:/Users/josephmarino/.m2/repository/org/junit/jupiter/junit-jupiter-api/5.3.1/junit-jupiter-api-5.3.1.jar:/Users/josephmarino/.m2/repository/org/apiguardian/apiguardian-api/1.0.0/apiguardian-api-1.0.0.jar:/Users/josephmarino/.m2/repository/org/opentest4j/opentest4j/1.1.1/opentest4j-1.1.1.jar:/Users/josephmarino/.m2/repository/org/junit/platform/junit-platform-commons/1.3.1/junit-platform-commons-1.3.1.jar:/Users/josephmarino/.m2/repository/org/junit/jupiter/junit-jupiter-params/5.3.1/junit-jupiter-params-5.3.1.jar:/Users/josephmarino/.m2/repository/org/junit/jupiter/junit-jupiter-engine/5.3.1/junit-jupiter-engine-5.3.1.jar:/Users/josephmarino/.m2/repository/org/junit/platform/junit-platform-engine/1.3.1/junit-platform-engine-1.3.1.jar:"/>
    <property name="sun.cpu.endian" value="little"/>
    <property name="user.home" value="/Users/josephmarino"/>
    <property name="user.language" value="en"/>
    <property name="java.specification.vendor" value="Oracle Corporation"/>
    <property name="java.version.date" value="2020-01-14"/>
    <property name="java.home" value="/Library/Java/JavaVirtualMachines/adoptopenjdk-11.jdk/Contents/Home"/>
    <property name="file.separator" value="/"/>
    <property name="basedir" value="/Users/josephmarino/NetBeansProjects/VendingMachine"/>
    <property name="java.vm.compressedOopsMode" value="Zero based"/>
    <property name="line.separator" value="&#10;"/>
    <property name="java.specification.name" value="Java Platform API Specification"/>
    <property name="java.vm.specification.vendor" value="Oracle Corporation"/>
    <property name="java.awt.graphicsenv" value="sun.awt.CGraphicsEnvironment"/>
    <property name="surefire.real.class.path" value="/Users/josephmarino/NetBeansProjects/VendingMachine/target/surefire/surefirebooter4704100719049152610.jar"/>
    <property name="sun.management.compiler" value="HotSpot 64-Bit Tiered Compilers"/>
    <property name="ftp.nonProxyHosts" value="local|*.local|169.254/16|*.169.254/16"/>
    <property name="java.runtime.version" value="11.0.6+10"/>
    <property name="user.name" value="josephmarino"/>
    <property name="path.separator" value=":"/>
    <property name="os.version" value="10.10.5"/>
    <property name="java.runtime.name" value="OpenJDK Runtime Environment"/>
    <property name="file.encoding" value="UTF-8"/>
    <property name="java.vm.name" value="OpenJDK 64-Bit Server VM"/>
    <property name="java.vendor.version" value="AdoptOpenJDK"/>
    <property name="maven.ext.class.path" value="/Users/josephmarino/Desktop/netbeans/java/maven-nblib/netbeans-eventspy.jar"/>
    <property name="localRepository" value="/Users/josephmarino/.m2/repository"/>
    <property name="java.vendor.url.bug" value="https://github.com/AdoptOpenJDK/openjdk-support/issues"/>
    <property name="java.io.tmpdir" value="/var/folders/c6/cc6_fg_94z34v31wwjyr6rz80000gn/T/"/>
    <property name="java.version" value="11.0.6"/>
    <property name="user.dir" value="/Users/josephmarino/NetBeansProjects/VendingMachine"/>
    <property name="os.arch" value="x86_64"/>
    <property name="java.vm.specification.name" value="Java Virtual Machine Specification"/>
    <property name="java.awt.printerjob" value="sun.lwawt.macosx.CPrinterJob"/>
    <property name="sun.os.patch.level" value="unknown"/>
    <property name="java.library.path" value="/Users/josephmarino/Library/Java/Extensions:/Library/Java/Extensions:/Network/Library/Java/Extensions:/System/Library/Java/Extensions:/usr/lib/java:."/>
    <property name="java.vendor" value="AdoptOpenJDK"/>
    <property name="java.vm.info" value="mixed mode"/>
    <property name="java.vm.version" value="11.0.6+10"/>
    <property name="sun.io.unicode.encoding" value="UnicodeBig"/>
    <property name="java.class.version" value="55.0"/>
    <property name="socksNonProxyHosts" value="local|*.local|169.254/16|*.169.254/16"/>
  </properties>
  <testcase name="testGetSodaById" classname="pjm.vendingmachine.service.VendingMachineServiceLayerTest" time="0.002">
    <error type="java.lang.NullPointerException"><![CDATA[java.lang.NullPointerException
	at pjm.vendingmachine.service.VendingMachineServiceLayerTest.<init>(VendingMachineServiceLayerTest.java:30)
]]></error>
  </testcase>
  <testcase name="testGetSodas" classname="pjm.vendingmachine.service.VendingMachineServiceLayerTest" time="0.001">
    <error type="java.lang.NullPointerException"><![CDATA[java.lang.NullPointerException
	at pjm.vendingmachine.service.VendingMachineServiceLayerTest.<init>(VendingMachineServiceLayerTest.java:30)
]]></error>
  </testcase>
  <testcase name="testSetMessage" classname="pjm.vendingmachine.service.VendingMachineServiceLayerTest" time="0.001">
    <error type="java.lang.NullPointerException"><![CDATA[java.lang.NullPointerException
	at pjm.vendingmachine.service.VendingMachineServiceLayerTest.<init>(VendingMachineServiceLayerTest.java:30)
]]></error>
  </testcase>
  <testcase name="testGetSelection" classname="pjm.vendingmachine.service.VendingMachineServiceLayerTest" time="0">
    <error type="java.lang.NullPointerException"><![CDATA[java.lang.NullPointerException
	at pjm.vendingmachine.service.VendingMachineServiceLayerTest.<init>(VendingMachineServiceLayerTest.java:30)
]]></error>
  </testcase>
  <testcase name="testAddMoney" classname="pjm.vendingmachine.service.VendingMachineServiceLayerTest" time="0.001">
    <error type="java.lang.NullPointerException"><![CDATA[java.lang.NullPointerException
	at pjm.vendingmachine.service.VendingMachineServiceLayerTest.<init>(VendingMachineServiceLayerTest.java:30)
]]></error>
  </testcase>
  <testcase name="testMakePurchase" classname="pjm.vendingmachine.service.VendingMachineServiceLayerTest" time="0">
    <error type="java.lang.NullPointerException"><![CDATA[java.lang.NullPointerException
	at pjm.vendingmachine.service.VendingMachineServiceLayerTest.<init>(VendingMachineServiceLayerTest.java:30)
]]></error>
  </testcase>
  <testcase name="testGetBalance" classname="pjm.vendingmachine.service.VendingMachineServiceLayerTest" time="0.001">
    <error type="java.lang.NullPointerException"><![CDATA[java.lang.NullPointerException
	at pjm.vendingmachine.service.VendingMachineServiceLayerTest.<init>(VendingMachineServiceLayerTest.java:30)
]]></error>
  </testcase>
  <testcase name="testSetMyChange" classname="pjm.vendingmachine.service.VendingMachineServiceLayerTest" time="0.001">
    <error type="java.lang.NullPointerException"><![CDATA[java.lang.NullPointerException
	at pjm.vendingmachine.service.VendingMachineServiceLayerTest.<init>(VendingMachineServiceLayerTest.java:30)
]]></error>
  </testcase>
  <testcase name="testGetMyChange" classname="pjm.vendingmachine.service.VendingMachineServiceLayerTest" time="0.001">
    <error type="java.lang.NullPointerException"><![CDATA[java.lang.NullPointerException
	at pjm.vendingmachine.service.VendingMachineServiceLayerTest.<init>(VendingMachineServiceLayerTest.java:30)
]]></error>
  </testcase>
  <testcase name="testSetSelection" classname="pjm.vendingmachine.service.VendingMachineServiceLayerTest" time="0.001">
    <error type="java.lang.NullPointerException"><![CDATA[java.lang.NullPointerException
	at pjm.vendingmachine.service.VendingMachineServiceLayerTest.<init>(VendingMachineServiceLayerTest.java:30)
]]></error>
  </testcase>
  <testcase name="testChangeReturn" classname="pjm.vendingmachine.service.VendingMachineServiceLayerTest" time="0">
    <error type="java.lang.NullPointerException"><![CDATA[java.lang.NullPointerException
	at pjm.vendingmachine.service.VendingMachineServiceLayerTest.<init>(VendingMachineServiceLayerTest.java:30)
]]></error>
  </testcase>
  <testcase name="testGetMessage" classname="pjm.vendingmachine.service.VendingMachineServiceLayerTest" time="0.001">
    <error type="java.lang.NullPointerException"><![CDATA[java.lang.NullPointerException
	at pjm.vendingmachine.service.VendingMachineServiceLayerTest.<init>(VendingMachineServiceLayerTest.java:30)
]]></error>
  </testcase>
  <testcase name="testSetBalance" classname="pjm.vendingmachine.service.VendingMachineServiceLayerTest" time="0.001">
    <error type="java.lang.NullPointerException"><![CDATA[java.lang.NullPointerException
	at pjm.vendingmachine.service.VendingMachineServiceLayerTest.<init>(VendingMachineServiceLayerTest.java:30)
]]></error>
  </testcase>
</testsuite>